Starting YTMP4 backend server at http://localhost:8000
 * Serving Flask app 'server'
 * Debug mode: off
WARNING: This is a development server. Do not use it in a production deployment. Use a production WSGI server instead.
 * Running on all addresses (0.0.0.0)
 * Running on http://127.0.0.1:8000
 * Running on http://10.174.166.80:8000
Press CTRL+C to quit
127.0.0.1 - - [09/Apr/2026 14:31:53] "GET / HTTP/1.1" 200 -

[download]   0.0% of    3.27MiB at   27.78KiB/s ETA 02:00
[download]   0.1% of    3.27MiB at   83.35KiB/s ETA 00:40
[download]   0.2% of    3.27MiB at  189.19KiB/s ETA 00:17
[download]   0.4% of    3.27MiB at  405.41KiB/s ETA 00:08
[download]   0.9% of    3.27MiB at  409.59KiB/s ETA 00:08
[download]   1.9% of    3.27MiB at  423.96KiB/s ETA 00:07
[download]   3.8% of    3.27MiB at  454.52KiB/s ETA 00:07
[download]   7.6% of    3.27MiB at  527.35KiB/s ETA 00:05
[download]  15.2% of    3.27MiB at  605.80KiB/s ETA 00:04
[download]  30.5% of    3.27MiB at  740.48KiB/s ETA 00:03
[download]  58.9% of    3.27MiB at  826.05KiB/s ETA 00:01
[download]  87.0% of    3.27MiB at  948.51KiB/s ETA 00:00
[download] 100.0% of    3.27MiB at  957.84KiB/s ETA 00:00
[download] 100% of    3.27MiB in 00:00:23 at 141.16KiB/s 
                                                        
127.0.0.1 - - [09/Apr/2026 14:33:51] "GET /api/download?url=https://www.youtube.com/watch?v=dQw4w9WgXcQ&format=mp3 HTTP/1.1" 200 -

[download]   0.0% of  263.77MiB at    9.34KiB/s ETA 08:01:53
[download]   0.0% of  263.77MiB at   27.76KiB/s ETA 02:42:08
[download]   0.0% of  263.77MiB at   64.78KiB/s ETA 01:09:29
[download]   0.0% of  263.77MiB at  138.81KiB/s ETA 32:25   
[download]   0.0% of  263.77MiB at  125.43KiB/s ETA 35:53
[download]   0.0% of  263.77MiB at  131.24KiB/s ETA 34:17
[download]   0.0% of  263.77MiB at  146.60KiB/s ETA 30:41
[download]   0.1% of  263.77MiB at  114.36KiB/s ETA 39:19
[download]   0.1% of  263.77MiB at  132.83KiB/s ETA 33:50
[download]   0.2% of  263.77MiB at  160.48KiB/s ETA 27:59
[download]   0.3% of  263.77MiB at  165.72KiB/s ETA 27:05
[download]   0.4% of  263.77MiB at  188.48KiB/s ETA 23:47
[download]   0.5% of  263.77MiB at  203.17KiB/s ETA 22:02
[download]   0.6% of  263.77MiB at  218.29KiB/s ETA 20:30
[download]   0.7% of  263.77MiB at  225.17KiB/s ETA 19:50
[download]   0.8% of  263.77MiB at  230.45KiB/s ETA 19:22
[download]   0.9% of  263.77MiB at  231.71KiB/s ETA 19:14
[download]   1.0% of  263.77MiB at  229.50KiB/s ETA 19:25
[download]   1.1% of  263.77MiB at  236.60KiB/s ETA 18:49
[download]   1.2% of  263.77MiB at  244.34KiB/s ETA 18:11
[download]   1.4% of  263.77MiB at  242.70KiB/s ETA 18:17
[download]   1.4% of  263.77MiB at  246.78KiB/s ETA 17:58
[download]   1.6% of  263.77MiB at  257.94KiB/s ETA 17:10
[download]   1.8% of  263.77MiB at  279.42KiB/s ETA 15:49
[download]   2.1% of  263.77MiB at  278.42KiB/s ETA 15:50
[download]   2.2% of  263.77MiB at  282.20KiB/s ETA 15:35
[download]   2.3% of  263.77MiB at  282.84KiB/s ETA 15:32
[download]   2.4% of  263.77MiB at  291.81KiB/s ETA 15:02
[download]   2.7% of  263.77MiB at  307.91KiB/s ETA 14:13
[download]   3.0% of  263.77MiB at  315.92KiB/s ETA 13:49
[download]   3.1% of  263.77MiB at  314.99KiB/s ETA 13:50
[download]   3.2% of  263.77MiB at  322.87KiB/s ETA 13:29
[download]   3.4% of  263.77MiB at  337.61KiB/s ETA 12:52
[download]   3.8% of  263.77MiB at  349.06KiB/s ETA 12:24
[download]   3.8% of  263.77MiB at   41.54KiB/s ETA 01:44:17
[download]   3.8% of  263.77MiB at  124.62KiB/s ETA 34:45   
[download]   3.8% of  263.77MiB at  279.13KiB/s ETA 15:31
[download]   3.8% of  263.77MiB at  598.14KiB/s ETA 07:14
[download]   3.8% of  263.77MiB at  768.07KiB/s ETA 05:38
[download]   3.8% of  263.77MiB at  866.22KiB/s ETA 05:00
[download]   3.8% of  263.77MiB at  905.84KiB/s ETA 04:46
[download]   3.9% of  263.77MiB at    1.01MiB/s ETA 04:10
[download]   3.9% of  263.77MiB at    1.07MiB/s ETA 03:55
[download]   4.1% of  263.77MiB at  792.84KiB/s ETA 05:26
[download]   4.4% of  263.77MiB at  764.57KiB/s ETA 05:37
[download]   4.6% of  263.77MiB at  572.77KiB/s ETA 07:29
[download]   4.8% of  263.77MiB at  550.82KiB/s ETA 07:46
[download]   4.9% of  263.77MiB at  539.79KiB/s ETA 07:55
[download]   5.1% of  263.77MiB at  533.59KiB/s ETA 08:00
[download]   5.3% of  263.77MiB at  475.60KiB/s ETA 08:57
[download]   5.4% of  263.77MiB at  462.60KiB/s ETA 09:12
[download]   5.5% of  263.77MiB at  464.39KiB/s ETA 09:09
[download]   5.7% of  263.77MiB at  457.59KiB/s ETA 09:16
[download]   5.8% of  263.77MiB at  463.32KiB/s ETA 09:08
[download]   6.0% of  263.77MiB at  455.37KiB/s ETA 09:17
[download]   6.2% of  263.77MiB at  458.42KiB/s ETA 09:12
[download]   6.4% of  263.77MiB at  457.58KiB/s ETA 09:12
[download]   6.5% of  263.77MiB at  447.09KiB/s ETA 09:24
[download]   6.7% of  263.77MiB at  453.27KiB/s ETA 09:16
[download]   6.9% of  263.77MiB at  465.10KiB/s ETA 09:00
[download]   7.2% of  263.77MiB at  479.61KiB/s ETA 08:42
[download]   7.5% of  263.77MiB at  492.15KiB/s ETA 08:27
[download]   7.5% of  263.77MiB at  493.84KiB/s ETA 08:26
[download]   7.5% of  263.77MiB at   26.96KiB/s ETA 02:34:27
[download]   7.5% of  263.77MiB at   77.83KiB/s ETA 53:30   
[download]   7.5% of  263.77MiB at  181.61KiB/s ETA 22:55
[download]   7.5% of  263.77MiB at  377.84KiB/s ETA 11:01
[download]   7.5% of  263.77MiB at  743.21KiB/s ETA 05:36
[download]   7.5% of  263.77MiB at  867.04KiB/s ETA 04:48
[download]   7.5% of  263.77MiB at  868.60KiB/s ETA 04:47
[download]   7.6% of  263.77MiB at  737.69KiB/s ETA 05:38
[download]   7.7% of  263.77MiB at  508.27KiB/s ETA 08:10
[download]   7.8% of  263.77MiB at  597.92KiB/s ETA 06:56
[download]   8.1% of  263.77MiB at  482.12KiB/s ETA 08:34
[download]   8.2% of  263.77MiB at  513.16KiB/s ETA 08:02
[download]   8.5% of  263.77MiB at  505.25KiB/s ETA 08:09
[download]   8.7% of  263.77MiB at  524.81KiB/s ETA 07:49
[download]   8.9% of  263.77MiB at  540.35KiB/s ETA 07:35
[download]   9.2% of  263.77MiB at  550.26KiB/s ETA 07:25
[download]   9.4% of  263.77MiB at  490.50KiB/s ETA 08:18
[download]   9.5% of  263.77MiB at  497.40KiB/s ETA 08:11
[download]   9.7% of  263.77MiB at  508.35KiB/s ETA 07:59
[download]  10.0% of  263.77MiB at  521.87KiB/s ETA 07:45
[download]  10.2% of  263.77MiB at  542.08KiB/s ETA 07:27
[download]  10.6% of  263.77MiB at  559.05KiB/s ETA 07:12
[download]  10.8% of  263.77MiB at  571.37KiB/s ETA 07:01
[download]  11.1% of  263.77MiB at  589.08KiB/s ETA 06:47
[download]  11.1% of  263.77MiB at  117.50KiB/s ETA 34:03
[download]  11.1% of  263.77MiB at  314.92KiB/s ETA 12:42
[download]  11.1% of  263.77MiB at  734.81KiB/s ETA 05:26
[download]  11.1% of  263.77MiB at    1.39MiB/s ETA 02:48
[download]  11.1% of  263.77MiB at  778.24KiB/s ETA 05:08
[download]  11.1% of  263.77MiB at  952.94KiB/s ETA 04:11
[download]  11.1% of  263.77MiB at  959.22KiB/s ETA 04:10
[download]  11.2% of  263.77MiB at  917.60KiB/s ETA 04:21
[download]  11.3% of  263.77MiB at  819.27KiB/s ETA 04:52
[download]  11.5% of  263.77MiB at  740.36KiB/s ETA 05:22
[download]  11.7% of  263.77MiB at  546.64KiB/s ETA 07:16
[download]  11.9% of  263.77MiB at  583.42KiB/s ETA 06:48
[download]  12.1% of  263.77MiB at  629.98KiB/s ETA 06:16
[download]  12.4% of  263.77MiB at  585.84KiB/s ETA 06:43
[download]  12.6% of  263.77MiB at  583.36KiB/s ETA 06:44
[download]  12.8% of  263.77MiB at  559.06KiB/s ETA 07:01
[download]  13.0% of  263.77MiB at  488.60KiB/s ETA 08:01
[download]  13.1% of  263.77MiB at  428.45KiB/s ETA 09:08
[download]  13.1% of  263.77MiB at  413.13KiB/s ETA 09:28
[download]  13.2% of  263.77MiB at  405.30KiB/s ETA 09:38
[download]  13.3% of  263.77MiB at  373.98KiB/s ETA 10:26
[download]  13.3% of  263.77MiB at  344.77KiB/s ETA 11:19
[download]  13.3% of  263.77MiB at  339.15KiB/s ETA 11:30
[download]  13.4% of  263.77MiB at  316.66KiB/s ETA 12:18
[download]  13.4% of  263.77MiB at  308.54KiB/s ETA 12:37
[download]  13.5% of  263.77MiB at  288.55KiB/s ETA 13:30
[download]  13.5% of  263.77MiB at  285.14KiB/s ETA 13:39
[download]  13.5% of  263.77MiB at  279.54KiB/s ETA 13:55
[download]  13.6% of  263.77MiB at  273.85KiB/s ETA 14:12
[download]  13.6% of  263.77MiB at  275.19KiB/s ETA 14:07
[download]  13.7% of  263.77MiB at  278.89KiB/s ETA 13:55
[download]  13.9% of  263.77MiB at  286.38KiB/s ETA 13:32
[download]  14.1% of  263.77MiB at  290.33KiB/s ETA 13:19
[download]  14.2% of  263.77MiB at  296.97KiB/s ETA 13:00
[download]  14.4% of  263.77MiB at  304.19KiB/s ETA 12:39
[download]  14.6% of  263.77MiB at  302.88KiB/s ETA 12:41
[download]  14.7% of  263.77MiB at  304.18KiB/s ETA 12:37
[download]  14.7% of  263.77MiB at   55.29KiB/s ETA 01:11:35
[download]  14.7% of  263.77MiB at  160.88KiB/s ETA 23:51   
[download]  14.7% of  263.77MiB at  375.39KiB/s ETA 10:13
[download]  14.7% of  263.77MiB at  763.26KiB/s ETA 05:01
[download]  14.7% of  263.77MiB at  701.17KiB/s ETA 05:28
[download]  14.7% of  263.77MiB at  585.55KiB/s ETA 06:33
[download]  14.8% of  263.77MiB at  549.49KiB/s ETA 06:59
[download]  14.8% of  263.77MiB at  455.96KiB/s ETA 08:24
[download]  14.9% of  263.77MiB at  297.61KiB/s ETA 12:52
[download]  15.0% of  263.77MiB at  296.57KiB/s ETA 12:54
[download]  15.1% of  263.77MiB at  283.65KiB/s ETA 13:28
[download]  15.2% of  263.77MiB at  284.71KiB/s ETA 13:24
[download]  15.3% of  263.77MiB at  280.64KiB/s ETA 13:35
[download]  15.4% of  263.77MiB at  277.37KiB/s ETA 13:43
[download]  15.5% of  263.77MiB at  228.82KiB/s ETA 16:37
[download]  15.5% of  263.77MiB at  236.67KiB/s ETA 16:04
[download]  15.6% of  263.77MiB at  215.87KiB/s ETA 17:35
[download]  15.7% of  263.77MiB at  190.63KiB/s ETA 19:54
[download]  15.7% of  263.77MiB at  184.85KiB/s ETA 20:31
[download]  15.7% of  263.77MiB at  182.18KiB/s ETA 20:49
[download]  15.8% of  263.77MiB at  188.26KiB/s ETA 20:08
[download]  15.9% of  263.77MiB at  197.28KiB/s ETA 19:11
[download]  16.0% of  263.77MiB at  155.62KiB/s ETA 24:17
[download]  16.1% of  263.77MiB at  151.72KiB/s ETA 24:53
[download]  16.2% of  263.77MiB at  153.24KiB/s ETA 24:37
[download]  16.2% of  263.77MiB at  151.54KiB/s ETA 24:52
[download]  16.3% of  263.77MiB at  153.11KiB/s ETA 24:36
[download]  16.4% of  263.77MiB at  154.50KiB/s ETA 24:22
[download]  16.4% of  263.77MiB at  155.35KiB/s ETA 24:12
[download]  16.5% of  263.77MiB at  155.06KiB/s ETA 24:14
[download]  16.6% of  263.77MiB at  153.52KiB/s ETA 24:28
[download]  16.6% of  263.77MiB at  151.25KiB/s ETA 24:49
[download]  16.6% of  263.77MiB at  148.16KiB/s ETA 25:19
[download]  16.7% of  263.77MiB at  148.29KiB/s ETA 25:17
[download]  16.7% of  263.77MiB at  147.23KiB/s ETA 25:27
[download]  16.8% of  263.77MiB at  147.59KiB/s ETA 25:23
[download]  16.8% of  263.77MiB at  148.42KiB/s ETA 25:13
[download]  16.9% of  263.77MiB at  150.37KiB/s ETA 24:52
[download]  17.0% of  263.77MiB at  152.37KiB/s ETA 24:31
[download]  17.1% of  263.77MiB at  147.94KiB/s ETA 25:14
[download]  17.1% of  263.77MiB at  149.13KiB/s ETA 25:01
[download]  17.2% of  263.77MiB at  151.30KiB/s ETA 24:38
[download]  17.3% of  263.77MiB at  155.19KiB/s ETA 23:59
[download]  17.4% of  263.77MiB at  161.03KiB/s ETA 23:04
[download]  17.6% of  263.77MiB at  162.56KiB/s ETA 22:49
[download]  17.7% of  263.77MiB at  163.83KiB/s ETA 22:37
[download]  17.8% of  263.77MiB at  165.88KiB/s ETA 22:19
[download]  17.9% of  263.77MiB at  168.73KiB/s ETA 21:54
[download]  18.0% of  263.77MiB at  163.80KiB/s ETA 22:32
[download]  18.0% of  263.77MiB at  163.71KiB/s ETA 22:32
[download]  18.1% of  263.77MiB at  164.34KiB/s ETA 22:26
[download]  18.2% of  263.77MiB at  166.43KiB/s ETA 22:07
[download]  18.3% of  263.77MiB at  170.97KiB/s ETA 21:30
[download]  18.5% of  263.77MiB at  177.57KiB/s ETA 20:39
[download]  18.5% of  263.77MiB at   48.77KiB/s ETA 01:15:13
[download]  18.5% of  263.77MiB at  136.30KiB/s ETA 26:55   
[download]  18.5% of  263.77MiB at  318.04KiB/s ETA 11:32
[download]  18.5% of  263.77MiB at  681.52KiB/s ETA 05:37
[download]  18.5% of  263.77MiB at  743.41KiB/s ETA 04:56
[download]  18.5% of  263.77MiB at  813.27KiB/s ETA 04:30
[download]  18.5% of  263.77MiB at  718.31KiB/s ETA 05:08
[download]  18.6% of  263.77MiB at   82.53KiB/s ETA 44:24
[download]  18.6% of  263.77MiB at   98.06KiB/s ETA 37:22
[download]  18.7% of  263.77MiB at  132.33KiB/s ETA 27:40
[download]  18.7% of  263.77MiB at  157.09KiB/s ETA 23:17
[download]  18.8% of  263.77MiB at  173.94KiB/s ETA 21:00
[download]  18.9% of  263.77MiB at  183.75KiB/s ETA 19:51
[download]  19.0% of  263.77MiB at  205.70KiB/s ETA 17:43
[download]  19.2% of  263.77MiB at  245.30KiB/s ETA 14:49
[download]  19.4% of  263.77MiB at  260.42KiB/s ETA 13:55
[download]  19.5% of  263.77MiB at  233.61KiB/s ETA 15:30
[download]  19.6% of  263.77MiB at  237.51KiB/s ETA 15:14
[download]  19.7% of  263.77MiB at  241.17KiB/s ETA 14:59
[download]  19.8% of  263.77MiB at  250.98KiB/s ETA 14:22
[download]  20.0% of  263.77MiB at  265.81KiB/s ETA 13:32
[download]  20.2% of  263.77MiB at  282.11KiB/s ETA 12:44
[download]  20.4% of  263.77MiB at  300.46KiB/s ETA 11:55
[download]  20.6% of  263.77MiB at  314.82KiB/s ETA 11:21
[download]  20.8% of  263.77MiB at  313.54KiB/s ETA 11:22
[download]  20.9% of  263.77MiB at  314.48KiB/s ETA 11:19
[download]  21.0% of  263.77MiB at  316.27KiB/s ETA 11:14
[download]  21.2% of  263.77MiB at  296.07KiB/s ETA 11:59
[download]  21.2% of  263.77MiB at  296.56KiB/s ETA 11:57
[download]  21.4% of  263.77MiB at  302.89KiB/s ETA 11:41
[download]  21.6% of  263.77MiB at  314.21KiB/s ETA 11:14
[download]  21.8% of  263.77MiB at  324.00KiB/s ETA 10:51
[download]  22.0% of  263.77MiB at  334.62KiB/s ETA 10:29
[download]  22.2% of  263.77MiB at  342.94KiB/s ETA 10:12
[download]  22.2% of  263.77MiB at   42.43KiB/s ETA 01:22:30
[download]  22.2% of  263.77MiB at  127.29KiB/s ETA 27:30   
[download]  22.2% of  263.77MiB at  284.81KiB/s ETA 12:17
[download]  22.2% of  263.77MiB at  610.30KiB/s ETA 05:44
[download]  22.2% of  263.77MiB at  628.95KiB/s ETA 05:33
[download]  22.3% of  263.77MiB at  292.66KiB/s ETA 11:57
[download]  22.3% of  263.77MiB at  409.86KiB/s ETA 08:32
[download]  22.3% of  263.77MiB at  565.67KiB/s ETA 06:10
[download]  22.4% of  263.77MiB at  644.08KiB/s ETA 05:25
[download]  22.6% of  263.77MiB at  493.13KiB/s ETA 07:03
[download]  22.8% of  263.77MiB at  491.86KiB/s ETA 07:04
[download]  22.9% of  263.77MiB at  537.68KiB/s ETA 06:27
[download]  23.2% of  263.77MiB at  524.89KiB/s ETA 06:35
[download]  23.4% of  263.77MiB at  551.15KiB/s ETA 06:15
[download]  23.7% of  263.77MiB at  562.99KiB/s ETA 06:06
[download]  23.9% of  263.77MiB at  269.29KiB/s ETA 12:43
[download]  24.0% of  263.77MiB at  213.46KiB/s ETA 16:01
[download]  24.1% of  263.77MiB at  183.54KiB/s ETA 18:37
[download]  24.1% of  263.77MiB at  161.56KiB/s ETA 21:08
[download]  24.1% of  263.77MiB at  160.28KiB/s ETA 21:18
[download]  24.1% of  263.77MiB at  155.75KiB/s ETA 21:55
[download]  24.2% of  263.77MiB at  150.90KiB/s ETA 22:37
[download]  24.2% of  263.77MiB at  150.15KiB/s ETA 22:43
[download]  24.2% of  263.77MiB at  148.72KiB/s ETA 22:56
[download]  24.2% of  263.77MiB at  148.65KiB/s ETA 22:56
[download]  24.3% of  263.77MiB at  132.38KiB/s ETA 25:44
[download]  24.3% of  263.77MiB at  121.21KiB/s ETA 28:06
[download]  24.3% of  263.77MiB at  120.95KiB/s ETA 28:09
[download]  24.4% of  263.77MiB at  115.24KiB/s ETA 29:32
[download]  24.4% of  263.77MiB at  114.86KiB/s ETA 29:38
[download]  24.4% of  263.77MiB at  112.56KiB/s ETA 30:14
[download]  24.4% of  263.77MiB at  110.27KiB/s ETA 30:51
[download]  24.4% of  263.77MiB at  109.22KiB/s ETA 31:08
[download]  24.4% of  263.77MiB at  108.48KiB/s ETA 31:21
[download]  24.5% of  263.77MiB at  101.24KiB/s ETA 33:35
[download]  24.5% of  263.77MiB at  100.79KiB/s ETA 33:44
[download]  24.5% of  263.77MiB at   99.40KiB/s ETA 34:11
[download]  24.5% of  263.77MiB at   96.53KiB/s ETA 35:12
[download]  24.5% of  263.77MiB at   95.08KiB/s ETA 35:44
[download]  24.5% of  263.77MiB at   94.03KiB/s ETA 36:08
[download]  24.5% of  263.77MiB at   93.51KiB/s ETA 36:20
[download]  24.5% of  263.77MiB at   92.69KiB/s ETA 36:39
[download]  24.5% of  263.77MiB at   90.19KiB/s ETA 37:39
[download]  24.6% of  263.77MiB at   89.67KiB/s ETA 37:52
[download]  24.6% of  263.77MiB at   88.52KiB/s ETA 38:21
[download]  24.6% of  263.77MiB at   87.05KiB/s ETA 39:00
[download]  24.6% of  263.77MiB at   86.92KiB/s ETA 39:03
[download]  24.6% of  263.77MiB at   86.54KiB/s ETA 39:13
[download]  24.6% of  263.77MiB at   86.07KiB/s ETA 39:25
[download]  24.6% of  263.77MiB at   85.43KiB/s ETA 39:43
[download]  24.6% of  263.77MiB at   85.21KiB/s ETA 39:48
[download]  24.7% of  263.77MiB at   85.36KiB/s ETA 39:43
[download]  24.7% of  263.77MiB at   85.30KiB/s ETA 39:44
[download]  24.7% of  263.77MiB at   84.34KiB/s ETA 40:10
[download]  24.7% of  263.77MiB at   83.23KiB/s ETA 40:42
[download]  24.8% of  263.77MiB at   82.73KiB/s ETA 40:56
[download]  24.8% of  263.77MiB at   81.87KiB/s ETA 41:21
[download]  24.8% of  263.77MiB at   81.62KiB/s ETA 41:29
[download]  24.8% of  263.77MiB at   81.60KiB/s ETA 41:29
[download]  24.8% of  263.77MiB at   81.68KiB/s ETA 41:25
[download]  24.9% of  263.77MiB at   79.95KiB/s ETA 42:18
[download]  24.9% of  263.77MiB at   79.28KiB/s ETA 42:39
[download]  24.9% of  263.77MiB at   77.75KiB/s ETA 43:29
[download]  24.9% of  263.77MiB at   77.85KiB/s ETA 43:25
[download]  24.9% of  263.77MiB at   77.41KiB/s ETA 43:40
[download]  24.9% of  263.77MiB at   76.37KiB/s ETA 44:15
[download]  24.9% of  263.77MiB at   76.38KiB/s ETA 44:14
[download]  24.9% of  263.77MiB at   75.87KiB/s ETA 44:31
[download]  25.0% of  263.77MiB at   75.58KiB/s ETA 44:41
[download]  25.0% of  263.77MiB at   74.29KiB/s ETA 45:27
[download]  25.0% of  263.77MiB at   73.92KiB/s ETA 45:41
[download]  25.0% of  263.77MiB at   73.38KiB/s ETA 46:01
[download]  25.0% of  263.77MiB at   73.35KiB/s ETA 46:01
[download]  25.0% of  263.77MiB at   72.97KiB/s ETA 46:15
[download]  25.0% of  263.77MiB at   72.54KiB/s ETA 46:31
[download]  25.0% of  263.77MiB at   72.30KiB/s ETA 46:40
[download]  25.1% of  263.77MiB at   72.47KiB/s ETA 46:32
[download]  25.1% of  263.77MiB at   72.72KiB/s ETA 46:22
[download]  25.1% of  263.77MiB at   73.25KiB/s ETA 46:00
[download]  25.2% of  263.77MiB at   73.09KiB/s ETA 46:04
[download]  25.2% of  263.77MiB at   73.48KiB/s ETA 45:48
[download]  25.3% of  263.77MiB at   74.36KiB/s ETA 45:14
[download]  25.3% of  263.77MiB at   75.25KiB/s ETA 44:39
[download]  25.4% of  263.77MiB at   74.99KiB/s ETA 44:46
[download]  25.4% of  263.77MiB at   75.42KiB/s ETA 44:30
[download]  25.5% of  263.77MiB at   76.07KiB/s ETA 44:05
[download]  25.5% of  263.77MiB at   76.78KiB/s ETA 43:39
[download]  25.6% of  263.77MiB at   77.73KiB/s ETA 43:05
[download]  25.7% of  263.77MiB at   78.82KiB/s ETA 42:26
[download]  25.8% of  263.77MiB at   79.26KiB/s ETA 42:09
[download]  25.8% of  263.77MiB at   79.94KiB/s ETA 41:46
[download]  25.9% of  263.77MiB at   81.35KiB/s ETA 41:00
[download]  26.0% of  263.77MiB at   83.32KiB/s ETA 39:58
[download]  26.0% of  263.77MiB at   29.89KiB/s ETA 01:51:27
[download]  26.0% of  263.77MiB at   89.66KiB/s ETA 37:09   
[download]  26.0% of  263.77MiB at  203.04KiB/s ETA 16:24
[download]  26.0% of  263.77MiB at  435.09KiB/s ETA 07:39
[download]  26.0% of  263.77MiB at  570.04KiB/s ETA 05:50
[download]  26.0% of  263.77MiB at  520.39KiB/s ETA 06:23
[download]  26.1% of  263.77MiB at  629.66KiB/s ETA 05:17
[download]  26.1% of  263.77MiB at  691.29KiB/s ETA 04:48
[download]  26.2% of  263.77MiB at  718.98KiB/s ETA 04:37
[download]  26.4% of  263.77MiB at  609.13KiB/s ETA 05:26
[download]  26.6% of  263.77MiB at  562.52KiB/s ETA 05:52
[download]  26.8% of  263.77MiB at  451.41KiB/s ETA 07:18
[download]  26.9% of  263.77MiB at  317.51KiB/s ETA 10:22
[download]  26.9% of  263.77MiB at  293.63KiB/s ETA 11:12
[download]  27.0% of  263.77MiB at  197.23KiB/s ETA 16:40
[download]  27.0% of  263.77MiB at  195.60KiB/s ETA 16:48
[download]  27.0% of  263.77MiB at  175.49KiB/s ETA 18:42
[download]  27.1% of  263.77MiB at  176.05KiB/s ETA 18:39
[download]  27.1% of  263.77MiB at  169.86KiB/s ETA 19:19
[download]  27.1% of  263.77MiB at  164.81KiB/s ETA 19:53
[download]  27.2% of  263.77MiB at  163.37KiB/s ETA 20:03
[download]  27.2% of  263.77MiB at  162.20KiB/s ETA 20:11
[download]  27.3% of  263.77MiB at  163.58KiB/s ETA 20:00
[download]  27.3% of  263.77MiB at  156.23KiB/s ETA 20:55
[download]  27.4% of  263.77MiB at  156.18KiB/s ETA 20:55
[download]  27.4% of  263.77MiB at  142.53KiB/s ETA 22:54
[download]  27.5% of  263.77MiB at  141.33KiB/s ETA 23:06
[download]  27.5% of  263.77MiB at  141.51KiB/s ETA 23:03
[download]  27.6% of  263.77MiB at  127.98KiB/s ETA 25:28
[download]  27.6% of  263.77MiB at  127.91KiB/s ETA 25:29
[download]  27.6% of  263.77MiB at  124.93KiB/s ETA 26:04
[download]  27.7% of  263.77MiB at  122.96KiB/s ETA 26:28
[download]  27.7% of  263.77MiB at  120.24KiB/s ETA 27:04
[download]  27.7% of  263.77MiB at  119.11KiB/s ETA 27:19
[download]  27.7% of  263.77MiB at  118.30KiB/s ETA 27:30
[download]  27.8% of  263.77MiB at  118.60KiB/s ETA 27:25
[download]  27.8% of  263.77MiB at  111.89KiB/s ETA 29:02
[download]  27.8% of  263.77MiB at  111.05KiB/s ETA 29:15
[download]  27.9% of  263.77MiB at  108.60KiB/s ETA 29:54
[download]  27.9% of  263.77MiB at  108.75KiB/s ETA 29:51
[download]  27.9% of  263.77MiB at  108.88KiB/s ETA 29:48
[download]  28.0% of  263.77MiB at  109.56KiB/s ETA 29:36
[download]  28.0% of  263.77MiB at  110.69KiB/s ETA 29:16
[download]  28.1% of  263.77MiB at  112.11KiB/s ETA 28:52
[download]  28.1% of  263.77MiB at  114.66KiB/s ETA 28:12
[download]  28.3% of  263.77MiB at  117.02KiB/s ETA 27:35
[download]  28.3% of  263.77MiB at  118.94KiB/s ETA 27:07
[download]  28.4% of  263.77MiB at  122.54KiB/s ETA 26:17
[download]  28.6% of  263.77MiB at  128.91KiB/s ETA 24:56
[download]  28.9% of  263.77MiB at  141.11KiB/s ETA 22:41
[download]  29.2% of  263.77MiB at  153.41KiB/s ETA 20:46
[download]  29.5% of  263.77MiB at  159.71KiB/s ETA 19:52
[download]  29.7% of  263.77MiB at  165.27KiB/s ETA 19:09
[download]  29.7% of  263.77MiB at  166.20KiB/s ETA 19:02
[download]  29.7% of  263.77MiB at   60.43KiB/s ETA 52:22
[download]  29.7% of  263.77MiB at  170.98KiB/s ETA 18:30
[download]  29.7% of  263.77MiB at  398.95KiB/s ETA 07:56
[download]  29.7% of  263.77MiB at  854.90KiB/s ETA 03:42
[download]  29.7% of  263.77MiB at  420.75KiB/s ETA 07:31
[download]  29.7% of  263.77MiB at  809.76KiB/s ETA 03:54
[download]  29.7% of  263.77MiB at    1.06MiB/s ETA 02:54
[download]  29.8% of  263.77MiB at    1.09MiB/s ETA 02:49
[download]  29.9% of  263.77MiB at    1.01MiB/s ETA 03:03
[download]  30.1% of  263.77MiB at    1.08MiB/s ETA 02:51
[download]  30.4% of  263.77MiB at  418.10KiB/s ETA 07:29
[download]  30.6% of  263.77MiB at  375.41KiB/s ETA 08:19
[download]  30.7% of  263.77MiB at  365.85KiB/s ETA 08:31
[download]  30.8% of  263.77MiB at  333.98KiB/s ETA 09:19
[download]  30.9% of  263.77MiB at  326.41KiB/s ETA 09:31
[download]  31.0% of  263.77MiB at  314.57KiB/s ETA 09:52
[download]  31.1% of  263.77MiB at  311.33KiB/s ETA 09:58
[download]  31.2% of  263.77MiB at  314.99KiB/s ETA 09:50
[download]  31.3% of  263.77MiB at  318.89KiB/s ETA 09:41
[download]  31.4% of  263.77MiB at  329.11KiB/s ETA 09:22
[download]  31.6% of  263.77MiB at  332.37KiB/s ETA 09:15
[download]  31.8% of  263.77MiB at  315.89KiB/s ETA 09:43
[download]  31.8% of  263.77MiB at  316.64KiB/s ETA 09:41
[download]  32.0% of  263.77MiB at  321.58KiB/s ETA 09:31
[download]  32.1% of  263.77MiB at  328.86KiB/s ETA 09:17
[download]  32.3% of  263.77MiB at  295.84KiB/s ETA 10:18
[download]  32.4% of  263.77MiB at  299.02KiB/s ETA 10:10
[download]  32.6% of  263.77MiB at  305.99KiB/s ETA 09:55
[download]  32.7% of  263.77MiB at  297.41KiB/s ETA 10:10
[download]  32.8% of  263.77MiB at  298.15KiB/s ETA 10:08
[download]  33.0% of  263.77MiB at  300.85KiB/s ETA 10:01
[download]  33.1% of  263.77MiB at  302.56KiB/s ETA 09:57
[download]  33.2% of  263.77MiB at  305.27KiB/s ETA 09:50
[download]  33.4% of  263.77MiB at  310.09KiB/s ETA 09:40
[download]  33.4% of  263.77MiB at  311.77KiB/s ETA 09:36
[download]  33.4% of  263.77MiB at   38.01KiB/s ETA 01:18:52
[download]  33.4% of  263.77MiB at  111.89KiB/s ETA 26:47   
[download]  33.4% of  263.77MiB at  261.07KiB/s ETA 11:29
[download]  33.4% of  263.77MiB at  559.43KiB/s ETA 05:21
[download]  33.4% of  263.77MiB at  141.67KiB/s ETA 21:09
[download]  33.4% of  263.77MiB at  242.08KiB/s ETA 12:22
[download]  33.4% of  263.77MiB at  363.96KiB/s ETA 08:13
[download]  33.5% of  263.77MiB at  348.62KiB/s ETA 08:35
[download]  33.6% of  263.77MiB at  322.40KiB/s ETA 09:16
[download]  33.7% of  263.77MiB at  355.43KiB/s ETA 08:23
[download]  33.9% of  263.77MiB at  331.08KiB/s ETA 08:59
[download]  34.0% of  263.77MiB at  355.94KiB/s ETA 08:21
[download]  34.2% of  263.77MiB at  360.37KiB/s ETA 08:13
[download]  34.3% of  263.77MiB at  363.94KiB/s ETA 08:07
[download]  34.4% of  263.77MiB at  274.89KiB/s ETA 10:44
[download]  34.5% of  263.77MiB at  274.53KiB/s ETA 10:44
[download]  34.6% of  263.77MiB at  276.14KiB/s ETA 10:39
[download]  34.7% of  263.77MiB at  286.33KiB/s ETA 10:15
[download]  34.9% of  263.77MiB at  279.47KiB/s ETA 10:29
[download]  35.0% of  263.77MiB at  287.83KiB/s ETA 10:10
[download]  35.2% of  263.77MiB at  306.91KiB/s ETA 09:30
[download]  35.4% of  263.77MiB at  331.22KiB/s ETA 08:46
[download]  35.7% of  263.77MiB at  354.69KiB/s ETA 08:09
[download]  36.0% of  263.77MiB at  382.27KiB/s ETA 07:32
[download]  36.3% of  263.77MiB at  368.98KiB/s ETA 07:46
[download]  36.5% of  263.77MiB at  355.58KiB/s ETA 08:02
[download]  36.6% of  263.77MiB at  354.88KiB/s ETA 08:02
[download]  36.7% of  263.77MiB at  352.04KiB/s ETA 08:05
[download]  36.8% of  263.77MiB at  351.22KiB/s ETA 08:05
[download]  36.9% of  263.77MiB at  352.80KiB/s ETA 08:02
[download]  37.1% of  263.77MiB at  357.12KiB/s ETA 07:55
[download]  37.1% of  263.77MiB at   37.58KiB/s ETA 01:15:23
[download]  37.1% of  263.77MiB at  112.74KiB/s ETA 25:07   
[download]  37.1% of  263.77MiB at  250.31KiB/s ETA 11:19
[download]  37.1% of  263.77MiB at  526.89KiB/s ETA 05:22
[download]  37.1% of  263.77MiB at  549.06KiB/s ETA 05:09
[download]  37.1% of  263.77MiB at  663.43KiB/s ETA 04:16
[download]  37.1% of  263.77MiB at  563.42KiB/s ETA 05:01
[download]  37.2% of  263.77MiB at  490.60KiB/s ETA 05:45
[download]  37.3% of  263.77MiB at  564.56KiB/s ETA 05:00
[download]  37.4% of  263.77MiB at  602.45KiB/s ETA 04:40
[download]  37.7% of  263.77MiB at  651.13KiB/s ETA 04:18
[download]  38.0% of  263.77MiB at  664.18KiB/s ETA 04:12
[download]  38.2% of  263.77MiB at  642.44KiB/s ETA 04:19
[download]  38.4% of  263.77MiB at  583.41KiB/s ETA 04:45
[download]  38.6% of  263.77MiB at  576.66KiB/s ETA 04:47
[download]  38.8% of  263.77MiB at  608.83KiB/s ETA 04:31
[download]  39.2% of  263.77MiB at  655.85KiB/s ETA 04:10
[download]  39.5% of  263.77MiB at  696.50KiB/s ETA 03:54
[download]  39.9% of  263.77MiB at  741.11KiB/s ETA 03:38
[download]  40.4% of  263.77MiB at  752.81KiB/s ETA 03:33
[download]  40.7% of  263.77MiB at  723.37KiB/s ETA 03:41
[download]  40.7% of  263.77MiB at  722.49KiB/s ETA 03:41
[download]  40.7% of  263.77MiB at   44.01KiB/s ETA 01:00:39
[download]  40.7% of  263.77MiB at  123.82KiB/s ETA 21:33   
[download]  40.7% of  263.77MiB at  288.91KiB/s ETA 09:14
[download]  40.7% of  263.77MiB at  594.29KiB/s ETA 04:29
[download]  40.7% of  263.77MiB at  769.26KiB/s ETA 03:28
[download]  40.7% of  263.77MiB at  927.28KiB/s ETA 02:52
[download]  40.7% of  263.77MiB at  786.33KiB/s ETA 03:23
[download]  40.8% of  263.77MiB at  762.50KiB/s ETA 03:29
[download]  40.9% of  263.77MiB at  861.05KiB/s ETA 03:05
[download]  41.1% of  263.77MiB at  914.11KiB/s ETA 02:54
[download]  41.4% of  263.77MiB at    1.06MiB/s ETA 02:25
[download]  41.9% of  263.77MiB at    1.19MiB/s ETA 02:08
[download]  42.5% of  263.77MiB at    1.31MiB/s ETA 01:55
[download]  43.1% of  263.77MiB at    1.39MiB/s ETA 01:48
[download]  43.8% of  263.77MiB at    1.36MiB/s ETA 01:49
[download]  44.2% of  263.77MiB at    1.36MiB/s ETA 01:47
[download]  44.4% of  263.77MiB at    1.37MiB/s ETA 01:47
[download]  44.4% of  263.77MiB at  197.48KiB/s ETA 12:40
[download]  44.4% of  263.77MiB at  592.44KiB/s ETA 04:13
[download]  44.4% of  263.77MiB at    1.04MiB/s ETA 02:20
[download]  44.4% of  263.77MiB at    2.23MiB/s ETA 01:05
[download]  44.4% of  263.77MiB at    1.14MiB/s ETA 02:09
[download]  44.4% of  263.77MiB at    1.34MiB/s ETA 01:49
[download]  44.5% of  263.77MiB at    1.44MiB/s ETA 01:42
[download]  44.5% of  263.77MiB at    1.57MiB/s ETA 01:33
[download]  44.6% of  263.77MiB at  888.44KiB/s ETA 02:48
[download]  44.8% of  263.77MiB at  404.26KiB/s ETA 06:09
[download]  44.9% of  263.77MiB at  279.57KiB/s ETA 08:52
[download]  44.9% of  263.77MiB at  286.59KiB/s ETA 08:38
[download]  45.0% of  263.77MiB at  266.52KiB/s ETA 09:17
[download]  45.1% of  263.77MiB at  266.99KiB/s ETA 09:15
[download]  45.2% of  263.77MiB at  272.70KiB/s ETA 09:02
[download]  45.3% of  263.77MiB at  303.33KiB/s ETA 08:06
[download]  45.6% of  263.77MiB at  362.99KiB/s ETA 06:45
[download]  46.0% of  263.77MiB at  466.24KiB/s ETA 05:12
[download]  46.6% of  263.77MiB at  565.88KiB/s ETA 04:14
[download]  47.1% of  263.77MiB at  649.37KiB/s ETA 03:39
[download]  47.7% of  263.77MiB at  713.33KiB/s ETA 03:17
[download]  48.1% of  263.77MiB at  755.58KiB/s ETA 03:05
[download]  48.1% of  263.77MiB at  246.59KiB/s ETA 09:28
[download]  48.1% of  263.77MiB at  739.78KiB/s ETA 03:09
[download]  48.1% of  263.77MiB at    1.69MiB/s ETA 01:21
[download]  48.1% of  263.77MiB at    3.61MiB/s ETA 00:37
[download]  48.1% of  263.77MiB at    1.26MiB/s ETA 01:48
[download]  48.2% of  263.77MiB at    1.11MiB/s ETA 02:03
[download]  48.2% of  263.77MiB at    1.12MiB/s ETA 02:01
[download]  48.2% of  263.77MiB at    1.22MiB/s ETA 01:52
[download]  48.3% of  263.77MiB at    1.31MiB/s ETA 01:44
[download]  48.5% of  263.77MiB at    1.47MiB/s ETA 01:32
[download]  48.9% of  263.77MiB at    1.32MiB/s ETA 01:42
[download]  49.3% of  263.77MiB at    1.27MiB/s ETA 01:45
[download]  49.8% of  263.77MiB at    1.32MiB/s ETA 01:40
[download]  50.4% of  263.77MiB at    1.40MiB/s ETA 01:33
[download]  51.0% of  263.77MiB at    1.42MiB/s ETA 01:30
[download]  51.6% of  263.77MiB at    1.36MiB/s ETA 01:34
[download]  51.8% of  263.77MiB at    1.34MiB/s ETA 01:34
[download]  51.8% of  263.77MiB at  122.70KiB/s ETA 17:40
[download]  51.8% of  263.77MiB at  324.69KiB/s ETA 06:40
[download]  51.8% of  263.77MiB at  757.60KiB/s ETA 02:51
[download]  51.8% of  263.77MiB at    1.59MiB/s ETA 01:20
[download]  51.8% of  263.77MiB at  564.67KiB/s ETA 03:50
[download]  51.8% of  263.77MiB at    1.06MiB/s ETA 01:59
[download]  51.9% of  263.77MiB at    1.01MiB/s ETA 02:05
[download]  51.9% of  263.77MiB at  905.63KiB/s ETA 02:23
[download]  52.0% of  263.77MiB at  808.00KiB/s ETA 02:40
[download]  52.2% of  263.77MiB at  846.36KiB/s ETA 02:32
[download]  52.5% of  263.77MiB at  890.67KiB/s ETA 02:23
[download]  52.9% of  263.77MiB at  972.40KiB/s ETA 02:10
[download]  53.3% of  263.77MiB at  943.60KiB/s ETA 02:13
[download]  53.6% of  263.77MiB at  965.06KiB/s ETA 02:09
[download]  54.0% of  263.77MiB at    1.01MiB/s ETA 02:00
[download]  54.6% of  263.77MiB at    1.05MiB/s ETA 01:54
[download]  55.1% of  263.77MiB at    1.00MiB/s ETA 01:57
[download]  55.4% of  263.77MiB at 1011.94KiB/s ETA 01:59
[download]  55.5% of  263.77MiB at 1001.27KiB/s ETA 01:59
[download]  55.5% of  263.77MiB at   46.14KiB/s ETA 43:23
[download]  55.5% of  263.77MiB at  134.89KiB/s ETA 14:50
[download]  55.5% of  263.77MiB at  314.74KiB/s ETA 06:21
[download]  55.5% of  263.77MiB at  674.45KiB/s ETA 02:58
[download]  55.5% of  263.77MiB at  974.78KiB/s ETA 02:03
[download]  55.5% of  263.77MiB at  769.11KiB/s ETA 02:36
[download]  55.6% of  263.77MiB at    1.13MiB/s ETA 01:43
[download]  55.6% of  263.77MiB at    1.22MiB/s ETA 01:35
[download]  55.7% of  263.77MiB at 1000.97KiB/s ETA 01:59
[download]  55.9% of  263.77MiB at    1.08MiB/s ETA 01:48
[download]  56.3% of  263.77MiB at    1.06MiB/s ETA 01:48
[download]  56.7% of  263.77MiB at  989.54KiB/s ETA 01:58
[download]  57.0% of  263.77MiB at  834.82KiB/s ETA 02:19
[download]  57.2% of  263.77MiB at  811.44KiB/s ETA 02:22
[download]  57.4% of  263.77MiB at  806.07KiB/s ETA 02:22
[download]  57.7% of  263.77MiB at  799.87KiB/s ETA 02:22
[download]  58.0% of  263.77MiB at  772.93KiB/s ETA 02:26
[download]  58.2% of  263.77MiB at  778.14KiB/s ETA 02:24
[download]  58.5% of  263.77MiB at  784.87KiB/s ETA 02:22
[download]  58.9% of  263.77MiB at  748.98KiB/s ETA 02:28
[download]  59.0% of  263.77MiB at  758.20KiB/s ETA 02:25
[download]  59.2% of  263.77MiB at  752.25KiB/s ETA 02:26
[download]  59.2% of  263.77MiB at   50.74KiB/s ETA 36:12
[download]  59.2% of  263.77MiB at  141.42KiB/s ETA 12:59
[download]  59.2% of  263.77MiB at  329.99KiB/s ETA 05:34
[download]  59.2% of  263.77MiB at  707.11KiB/s ETA 02:35
[download]  59.2% of  263.77MiB at  408.63KiB/s ETA 04:29
[download]  59.2% of  263.77MiB at  509.70KiB/s ETA 03:36
[download]  59.2% of  263.77MiB at  476.52KiB/s ETA 03:51
[download]  59.3% of  263.77MiB at  616.92KiB/s ETA 02:58
[download]  59.4% of  263.77MiB at  667.77KiB/s ETA 02:44
[download]  59.6% of  263.77MiB at  195.92KiB/s ETA 09:17
[download]  59.7% of  263.77MiB at  203.05KiB/s ETA 08:56
[download]  59.7% of  263.77MiB at  167.82KiB/s ETA 10:47
[download]  59.8% of  263.77MiB at  177.20KiB/s ETA 10:12
[download]  59.9% of  263.77MiB at  189.32KiB/s ETA 09:32
[download]  60.0% of  263.77MiB at  203.39KiB/s ETA 08:51
[download]  60.1% of  263.77MiB at  198.02KiB/s ETA 09:03
[download]  60.2% of  263.77MiB at  196.90KiB/s ETA 09:05
[download]  60.3% of  263.77MiB at  188.67KiB/s ETA 09:28
[download]  60.3% of  263.77MiB at  182.45KiB/s ETA 09:47
[download]  60.3% of  263.77MiB at  174.83KiB/s ETA 10:12
[download]  60.4% of  263.77MiB at  177.23KiB/s ETA 10:03
[download]  60.4% of  263.77MiB at  181.02KiB/s ETA 09:50
[download]  60.5% of  263.77MiB at  191.82KiB/s ETA 09:15
[download]  60.7% of  263.77MiB at  196.34KiB/s ETA 08:59
[download]  60.8% of  263.77MiB at  202.33KiB/s ETA 08:42
[download]  61.0% of  263.77MiB at  215.68KiB/s ETA 08:08
[download]  61.3% of  263.77MiB at  238.50KiB/s ETA 07:18
[download]  61.5% of  263.77MiB at  246.79KiB/s ETA 07:00
[download]  61.7% of  263.77MiB at  255.47KiB/s ETA 06:45
[download]  61.9% of  263.77MiB at  221.98KiB/s ETA 07:43
[download]  62.0% of  263.77MiB at  202.48KiB/s ETA 08:26
[download]  62.1% of  263.77MiB at  200.70KiB/s ETA 08:29
[download]  62.2% of  263.77MiB at  196.78KiB/s ETA 08:39
[download]  62.2% of  263.77MiB at  197.64KiB/s ETA 08:36
[download]  62.3% of  263.77MiB at  198.00KiB/s ETA 08:34
[download]  62.3% of  263.77MiB at  196.12KiB/s ETA 08:38
[download]  62.4% of  263.77MiB at  196.12KiB/s ETA 08:37
[download]  62.5% of  263.77MiB at  194.21KiB/s ETA 08:41
[download]  62.5% of  263.77MiB at  195.49KiB/s ETA 08:37
[download]  62.6% of  263.77MiB at  196.92KiB/s ETA 08:32
[download]  62.7% of  263.77MiB at  196.57KiB/s ETA 08:32
[download]  62.8% of  263.77MiB at  190.79KiB/s ETA 08:46
[download]  62.8% of  263.77MiB at  192.02KiB/s ETA 08:43
[download]  62.9% of  263.77MiB at  191.09KiB/s ETA 08:44
[download]  62.9% of  263.77MiB at  190.86KiB/s ETA 08:45
[download]  62.9% of  263.77MiB at  504.18KiB/s ETA 03:18
[download]  62.9% of  263.77MiB at    1.48MiB/s ETA 01:06
[download]  62.9% of  263.77MiB at    3.45MiB/s ETA 00:28
[download]  62.9% of  263.77MiB at    7.39MiB/s ETA 00:13
[download]  62.9% of  263.77MiB at    9.16MiB/s ETA 00:10
[download]  62.9% of  263.77MiB at  985.36KiB/s ETA 01:41
[download]  62.9% of  263.77MiB at  449.73KiB/s ETA 03:42
[download]  63.0% of  263.77MiB at  524.25KiB/s ETA 03:10
[download]  63.1% of  263.77MiB at  610.34KiB/s ETA 02:43
[download]  63.3% of  263.77MiB at  527.54KiB/s ETA 03:08
[download]  63.5% of  263.77MiB at  538.30KiB/s ETA 03:03
[download]  63.7% of  263.77MiB at  523.91KiB/s ETA 03:07
[download]  63.8% of  263.77MiB at  517.58KiB/s ETA 03:08
[download]  64.0% of  263.77MiB at  559.44KiB/s ETA 02:53
[download]  64.4% of  263.77MiB at  579.67KiB/s ETA 02:45
[download]  64.6% of  263.77MiB at  582.16KiB/s ETA 02:44
[download]  64.8% of  263.77MiB at  501.74KiB/s ETA 03:09
[download]  65.0% of  263.77MiB at  434.06KiB/s ETA 03:38
[download]  65.0% of  263.77MiB at  402.32KiB/s ETA 03:54
[download]  65.0% of  263.77MiB at  390.26KiB/s ETA 04:01
[download]  65.1% of  263.77MiB at  357.60KiB/s ETA 04:23
[download]  65.1% of  263.77MiB at  352.91KiB/s ETA 04:26
[download]  65.2% of  263.77MiB at  346.10KiB/s ETA 04:31
[download]  65.3% of  263.77MiB at  343.59KiB/s ETA 04:32
[download]  65.4% of  263.77MiB at  346.55KiB/s ETA 04:29
[download]  65.5% of  263.77MiB at  337.03KiB/s ETA 04:36
[download]  65.6% of  263.77MiB at  265.93KiB/s ETA 05:49
[download]  65.7% of  263.77MiB at  255.10KiB/s ETA 06:03
[download]  65.7% of  263.77MiB at  249.67KiB/s ETA 06:11
[download]  65.7% of  263.77MiB at  239.37KiB/s ETA 06:26
[download]  65.7% of  263.77MiB at  237.45KiB/s ETA 06:29
[download]  65.8% of  263.77MiB at  233.98KiB/s ETA 06:35
[download]  65.8% of  263.77MiB at  225.49KiB/s ETA 06:49
[download]  65.8% of  263.77MiB at  225.27KiB/s ETA 06:49
[download]  65.9% of  263.77MiB at  225.23KiB/s ETA 06:49
[download]  66.0% of  263.77MiB at  222.96KiB/s ETA 06:52
[download]  66.0% of  263.77MiB at  222.98KiB/s ETA 06:51
[download]  66.1% of  263.77MiB at  223.87KiB/s ETA 06:48
[download]  66.2% of  263.77MiB at  205.24KiB/s ETA 07:24
[download]  66.3% of  263.77MiB at  198.00KiB/s ETA 07:40
[download]  66.3% of  263.77MiB at  197.99KiB/s ETA 07:39
[download]  66.3% of  263.77MiB at  197.84KiB/s ETA 07:39
[download]  66.4% of  263.77MiB at  199.59KiB/s ETA 07:34
[download]  66.5% of  263.77MiB at  190.56KiB/s ETA 07:54
[download]  66.6% of  263.77MiB at  189.87KiB/s ETA 07:55
[download]  66.6% of  263.77MiB at   24.38KiB/s ETA 01:01:40
[download]  66.6% of  263.77MiB at   73.15KiB/s ETA 20:33   
[download]  66.6% of  263.77MiB at  170.67KiB/s ETA 08:48
[download]  66.6% of  263.77MiB at  357.03KiB/s ETA 04:12
[download]  66.6% of  263.77MiB at  297.79KiB/s ETA 05:02
[download]  66.6% of  263.77MiB at  353.15KiB/s ETA 04:15
[download]  66.6% of  263.77MiB at  180.50KiB/s ETA 08:19
[download]  66.7% of  263.77MiB at  209.28KiB/s ETA 07:09
[download]  66.8% of  263.77MiB at  263.85KiB/s ETA 05:40
[download]  66.9% of  263.77MiB at  346.40KiB/s ETA 04:18
[download]  67.1% of  263.77MiB at  364.57KiB/s ETA 04:03
[download]  67.3% of  263.77MiB at  352.23KiB/s ETA 04:10
[download]  67.4% of  263.77MiB at  359.62KiB/s ETA 04:04
[download]  67.5% of  263.77MiB at  357.46KiB/s ETA 04:05
[download]  67.7% of  263.77MiB at  299.62KiB/s ETA 04:51
[download]  67.7% of  263.77MiB at  291.33KiB/s ETA 04:59
[download]  67.8% of  263.77MiB at  278.40KiB/s ETA 05:12
[download]  67.9% of  263.77MiB at  251.66KiB/s ETA 05:44
[download]  67.9% of  263.77MiB at  249.55KiB/s ETA 05:47
[download]  68.0% of  263.77MiB at  250.61KiB/s ETA 05:45
[download]  68.1% of  263.77MiB at  221.50KiB/s ETA 06:29
[download]  68.1% of  263.77MiB at  213.51KiB/s ETA 06:43
[download]  68.2% of  263.77MiB at  194.02KiB/s ETA 07:23
[download]  68.2% of  263.77MiB at  193.34KiB/s ETA 07:24
[download]  68.2% of  263.77MiB at  179.63KiB/s ETA 07:57
[download]  68.2% of  263.77MiB at  179.07KiB/s ETA 07:59
[download]  68.3% of  263.77MiB at  178.69KiB/s ETA 07:59
[download]  68.3% of  263.77MiB at  180.66KiB/s ETA 07:53
[download]  68.4% of  263.77MiB at  176.79KiB/s ETA 08:02
[download]  68.5% of  263.77MiB at  166.46KiB/s ETA 08:31
[download]  68.5% of  263.77MiB at  163.06KiB/s ETA 08:41
[download]  68.5% of  263.77MiB at  160.98KiB/s ETA 08:48
[download]  68.6% of  263.77MiB at  140.40KiB/s ETA 10:04
[download]  68.6% of  263.77MiB at   94.19KiB/s ETA 15:01
[download]  68.6% of  263.77MiB at   93.88KiB/s ETA 15:04
[download]  68.6% of  263.77MiB at   93.74KiB/s ETA 15:04
[download]  68.6% of  263.77MiB at   94.32KiB/s ETA 14:58
[download]  68.7% of  263.77MiB at   95.98KiB/s ETA 14:41
[download]  68.8% of  263.77MiB at   98.31KiB/s ETA 14:17
[download]  68.9% of  263.77MiB at  100.28KiB/s ETA 13:58
[download]  68.9% of  263.77MiB at  101.97KiB/s ETA 13:42
[download]  69.0% of  263.77MiB at  101.33KiB/s ETA 13:46
[download]  69.0% of  263.77MiB at  101.23KiB/s ETA 13:46
[download]  69.1% of  263.77MiB at  101.64KiB/s ETA 13:41
[download]  69.1% of  263.77MiB at  101.05KiB/s ETA 13:45
[download]  69.2% of  263.77MiB at  101.24KiB/s ETA 13:42
[download]  69.2% of  263.77MiB at  101.76KiB/s ETA 13:37
[download]  69.3% of  263.77MiB at  101.22KiB/s ETA 13:40
[download]  69.3% of  263.77MiB at   99.79KiB/s ETA 13:51
[download]  69.3% of  263.77MiB at  100.35KiB/s ETA 13:46
[download]  69.3% of  263.77MiB at   97.20KiB/s ETA 14:12
[download]  69.3% of  263.77MiB at   95.12KiB/s ETA 14:30
[download]  69.4% of  263.77MiB at   95.13KiB/s ETA 14:30
[download]  69.4% of  263.77MiB at   94.40KiB/s ETA 14:36
[download]  69.4% of  263.77MiB at   94.48KiB/s ETA 14:35
[download]  69.4% of  263.77MiB at   92.78KiB/s ETA 14:50
[download]  69.4% of  263.77MiB at   92.48KiB/s ETA 14:52
[download]  69.5% of  263.77MiB at   91.72KiB/s ETA 14:59
[download]  69.5% of  263.77MiB at   91.94KiB/s ETA 14:56
[download]  69.5% of  263.77MiB at   91.70KiB/s ETA 14:58
[download]  69.5% of  263.77MiB at   91.76KiB/s ETA 14:56
[download]  69.6% of  263.77MiB at   91.93KiB/s ETA 14:54
[download]  69.6% of  263.77MiB at   92.58KiB/s ETA 14:46
[download]  69.7% of  263.77MiB at   93.68KiB/s ETA 14:34
[download]  69.7% of  263.77MiB at   94.28KiB/s ETA 14:26
[download]  69.8% of  263.77MiB at   94.64KiB/s ETA 14:21
[download]  69.8% of  263.77MiB at   91.77KiB/s ETA 14:47
[download]  69.9% of  263.77MiB at   86.60KiB/s ETA 15:39
[download]  69.9% of  263.77MiB at   84.67KiB/s ETA 16:00
[download]  69.9% of  263.77MiB at   82.07KiB/s ETA 16:31
[download]  69.9% of  263.77MiB at   80.58KiB/s ETA 16:49
[download]  69.9% of  263.77MiB at   80.62KiB/s ETA 16:48
[download]  69.9% of  263.77MiB at   80.69KiB/s ETA 16:47
[download]  69.9% of  263.77MiB at   80.47KiB/s ETA 16:50
[download]  69.9% of  263.77MiB at   79.66KiB/s ETA 17:00
[download]  69.9% of  263.77MiB at   78.81KiB/s ETA 17:10
[download]  69.9% of  263.77MiB at   78.93KiB/s ETA 17:09
[download]  69.9% of  263.77MiB at   77.99KiB/s ETA 17:21
[download]  69.9% of  263.77MiB at   78.09KiB/s ETA 17:19
[download]  70.0% of  263.77MiB at   77.67KiB/s ETA 17:24ERROR: 
[download] Got error: 9313535 bytes read, 914691 more expected
127.0.0.1 - - [09/Apr/2026 14:46:07] "GET /api/download?url=https://www.youtube.com/watch?v%3DLhpZJwUboeI%26t%3D919s&format=mp4 HTTP/1.1" 400 -
